{"/home/roszko/Projects/e-shop/src/App.tsx": {"path":"/home/roszko/Projects/e-shop/src/App.tsx","statementMap":{"0":{"start":{"line":1,"column":0},"end":{"line":1,"column":19}},"1":{"start":{"line":2,"column":0},"end":{"line":2,"column":48}},"2":{"start":{"line":3,"column":0},"end":{"line":3,"column":50}},"3":{"start":{"line":5,"column":0},"end":{"line":5,"column":42}},"4":{"start":{"line":6,"column":0},"end":{"line":6,"column":80}},"5":{"start":{"line":7,"column":0},"end":{"line":7,"column":75}},"6":{"start":{"line":8,"column":0},"end":{"line":8,"column":37}},"7":{"start":{"line":9,"column":0},"end":{"line":9,"column":54}},"8":{"start":{"line":11,"column":20},"end":{"line":11,"column":65}},"9":{"start":{"line":11,"column":30},"end":{"line":11,"column":64}},"10":{"start":{"line":14,"column":22},"end":{"line":15,"column":null}},"11":{"start":{"line":15,"column":30},"end":{"line":15,"column":53}},"12":{"start":{"line":18,"column":21},"end":{"line":18,"column":76}},"13":{"start":{"line":18,"column":55},"end":{"line":18,"column":75}},"14":{"start":{"line":20,"column":4},"end":{"line":22,"column":19}},"15":{"start":{"line":21,"column":8},"end":{"line":21,"column":62}},"16":{"start":{"line":24,"column":4},"end":{"line":47,"column":6}},"17":{"start":{"line":50,"column":0},"end":{"line":50,"column":19}}},"fnMap":{"0":{"name":"(anonymous_7)","decl":{"start":{"line":11,"column":25},"end":{"line":11,"column":28}},"loc":{"start":{"line":11,"column":30},"end":{"line":11,"column":64}}},"1":{"name":"(anonymous_8)","decl":{"start":{"line":11,"column":30},"end":{"line":11,"column":38}},"loc":{"start":{"line":11,"column":30},"end":{"line":11,"column":64}}},"2":{"name":"App","decl":{"start":{"line":13,"column":9},"end":{"line":13,"column":12}},"loc":{"start":{"line":13,"column":12},"end":{"line":48,"column":1}}},"3":{"name":"(anonymous_10)","decl":{"start":{"line":15,"column":8},"end":{"line":15,"column":9}},"loc":{"start":{"line":15,"column":30},"end":{"line":15,"column":53}}},"4":{"name":"(anonymous_11)","decl":{"start":{"line":18,"column":33},"end":{"line":18,"column":34}},"loc":{"start":{"line":18,"column":55},"end":{"line":18,"column":75}}},"5":{"name":"(anonymous_12)","decl":{"start":{"line":20,"column":14},"end":{"line":20,"column":17}},"loc":{"start":{"line":20,"column":19},"end":{"line":22,"column":5}}}},"branchMap":{"0":{"loc":{"start":{"line":21,"column":34},"end":{"line":21,"column":61}},"type":"cond-expr","locations":[{"start":{"line":21,"column":45},"end":{"line":21,"column":51}},{"start":{"line":21,"column":54},"end":{"line":21,"column":61}}]}},"s":{"0":0,"1":0,"2":0,"3":0,"4":0,"5":0,"6":0,"7":0,"8":0,"9":0,"10":0,"11":0,"12":0,"13":0,"14":0,"15":0,"16":0,"17":0},"f":{"0":0,"1":0,"2":0,"3":0,"4":0,"5":0},"b":{"0":[0,0]}}
,"/home/roszko/Projects/e-shop/src/COPYjest.setup.ts": {"path":"/home/roszko/Projects/e-shop/src/COPYjest.setup.ts","statementMap":{"0":{"start":{"line":1,"column":0},"end":{"line":1,"column":35}},"1":{"start":{"line":3,"column":0},"end":{"line":11,"column":3}},"2":{"start":{"line":5,"column":31},"end":{"line":5,"column":38}}},"fnMap":{"0":{"name":"(anonymous_0)","decl":{"start":{"line":5,"column":25},"end":{"line":5,"column":28}},"loc":{"start":{"line":5,"column":31},"end":{"line":5,"column":38}}}},"branchMap":{},"s":{"0":0,"1":0,"2":0},"f":{"0":0},"b":{}}
,"/home/roszko/Projects/e-shop/src/main.tsx": {"path":"/home/roszko/Projects/e-shop/src/main.tsx","statementMap":{"0":{"start":{"line":1,"column":0},"end":{"line":1,"column":35}},"1":{"start":{"line":2,"column":0},"end":{"line":2,"column":46}},"2":{"start":{"line":3,"column":0},"end":{"line":3,"column":39}},"3":{"start":{"line":4,"column":0},"end":{"line":4,"column":41}},"4":{"start":{"line":5,"column":0},"end":{"line":5,"column":28}},"5":{"start":{"line":6,"column":0},"end":{"line":6,"column":21}},"6":{"start":{"line":8,"column":0},"end":{"line":14,"column":2}}},"fnMap":{},"branchMap":{},"s":{"0":0,"1":0,"2":0,"3":0,"4":0,"5":0,"6":0},"f":{},"b":{}}
,"/home/roszko/Projects/e-shop/src/components/LazyImage/LazyImage.tsx": {"path":"/home/roszko/Projects/e-shop/src/components/LazyImage/LazyImage.tsx","statementMap":{"0":{"start":{"line":1,"column":0},"end":{"line":1,"column":25}},"1":{"start":{"line":2,"column":0},"end":{"line":2,"column":52}},"2":{"start":{"line":4,"column":0},"end":{"line":4,"column":44}},"3":{"start":{"line":6,"column":18},"end":{"line":59,"column":1}},"4":{"start":{"line":12,"column":27},"end":{"line":12,"column":48}},"5":{"start":{"line":13,"column":36},"end":{"line":13,"column":60}},"6":{"start":{"line":14,"column":32},"end":{"line":14,"column":47}},"7":{"start":{"line":15,"column":19},"end":{"line":15,"column":56}},"8":{"start":{"line":17,"column":4},"end":{"line":40,"column":14}},"9":{"start":{"line":18,"column":32},"end":{"line":22,"column":10}},"10":{"start":{"line":24,"column":25},"end":{"line":35,"column":27}},"11":{"start":{"line":25,"column":12},"end":{"line":34,"column":13}},"12":{"start":{"line":26,"column":28},"end":{"line":26,"column":39}},"13":{"start":{"line":27,"column":16},"end":{"line":27,"column":30}},"14":{"start":{"line":28,"column":16},"end":{"line":32,"column":18}},"15":{"start":{"line":29,"column":20},"end":{"line":29,"column":37}},"16":{"start":{"line":30,"column":20},"end":{"line":30,"column":36}},"17":{"start":{"line":31,"column":20},"end":{"line":31,"column":53}},"18":{"start":{"line":33,"column":16},"end":{"line":33,"column":59}},"19":{"start":{"line":37,"column":8},"end":{"line":37,"column":61}},"20":{"start":{"line":37,"column":28},"end":{"line":37,"column":61}},"21":{"start":{"line":39,"column":8},"end":{"line":39,"column":43}},"22":{"start":{"line":39,"column":21},"end":{"line":39,"column":42}},"23":{"start":{"line":42,"column":4},"end":{"line":58,"column":6}},"24":{"start":{"line":61,"column":0},"end":{"line":61,"column":25}}},"fnMap":{"0":{"name":"(anonymous_1)","decl":{"start":{"line":6,"column":18},"end":{"line":6,"column":19}},"loc":{"start":{"line":11,"column":17},"end":{"line":59,"column":1}}},"1":{"name":"(anonymous_2)","decl":{"start":{"line":17,"column":14},"end":{"line":17,"column":17}},"loc":{"start":{"line":17,"column":19},"end":{"line":40,"column":5}}},"2":{"name":"(anonymous_3)","decl":{"start":{"line":24,"column":50},"end":{"line":24,"column":51}},"loc":{"start":{"line":24,"column":72},"end":{"line":35,"column":9}}},"3":{"name":"(anonymous_4)","decl":{"start":{"line":28,"column":29},"end":{"line":28,"column":32}},"loc":{"start":{"line":28,"column":34},"end":{"line":32,"column":17}}},"4":{"name":"(anonymous_5)","decl":{"start":{"line":39,"column":15},"end":{"line":39,"column":18}},"loc":{"start":{"line":39,"column":21},"end":{"line":39,"column":42}}}},"branchMap":{"0":{"loc":{"start":{"line":8,"column":4},"end":{"line":8,"column":17}},"type":"default-arg","locations":[{"start":{"line":8,"column":10},"end":{"line":8,"column":17}}]},"1":{"loc":{"start":{"line":9,"column":4},"end":{"line":9,"column":15}},"type":"default-arg","locations":[{"start":{"line":9,"column":12},"end":{"line":9,"column":15}}]},"2":{"loc":{"start":{"line":10,"column":4},"end":{"line":10,"column":16}},"type":"default-arg","locations":[{"start":{"line":10,"column":13},"end":{"line":10,"column":16}}]},"3":{"loc":{"start":{"line":25,"column":12},"end":{"line":34,"column":13}},"type":"if","locations":[{"start":{"line":25,"column":12},"end":{"line":34,"column":13}}]},"4":{"loc":{"start":{"line":37,"column":8},"end":{"line":37,"column":61}},"type":"if","locations":[{"start":{"line":37,"column":8},"end":{"line":37,"column":61}}]},"5":{"loc":{"start":{"line":44,"column":13},"end":{"line":44,"column":41}},"type":"cond-expr","locations":[{"start":{"line":44,"column":23},"end":{"line":44,"column":34}},{"start":{"line":44,"column":37},"end":{"line":44,"column":41}}]},"6":{"loc":{"start":{"line":53,"column":29},"end":{"line":53,"column":43}},"type":"cond-expr","locations":[{"start":{"line":53,"column":38},"end":{"line":53,"column":39}},{"start":{"line":53,"column":42},"end":{"line":53,"column":43}}]}},"s":{"0":0,"1":0,"2":0,"3":0,"4":0,"5":0,"6":0,"7":0,"8":0,"9":0,"10":0,"11":0,"12":0,"13":0,"14":0,"15":0,"16":0,"17":0,"18":0,"19":0,"20":0,"21":0,"22":0,"23":0,"24":0},"f":{"0":0,"1":0,"2":0,"3":0,"4":0},"b":{"0":[0],"1":[0],"2":[0],"3":[0],"4":[0],"5":[0,0],"6":[0,0]}}
,"/home/roszko/Projects/e-shop/src/components/LiveSearch/LiveSearch.tsx": {"path":"/home/roszko/Projects/e-shop/src/components/LiveSearch/LiveSearch.tsx","statementMap":{"0":{"start":{"line":1,"column":0},"end":{"line":1,"column":26}},"1":{"start":{"line":2,"column":0},"end":{"line":2,"column":61}},"2":{"start":{"line":3,"column":0},"end":{"line":3,"column":55}},"3":{"start":{"line":5,"column":0},"end":{"line":5,"column":58}},"4":{"start":{"line":6,"column":0},"end":{"line":6,"column":44}},"5":{"start":{"line":8,"column":19},"end":{"line":67,"column":1}},"6":{"start":{"line":9,"column":21},"end":{"line":9,"column":47}},"7":{"start":{"line":10,"column":40},"end":{"line":11,"column":null}},"8":{"start":{"line":11,"column":30},"end":{"line":11,"column":44}},"9":{"start":{"line":14,"column":30},"end":{"line":14,"column":42}},"10":{"start":{"line":15,"column":21},"end":{"line":15,"column":51}},"11":{"start":{"line":18,"column":4},"end":{"line":20,"column":7}},"12":{"start":{"line":19,"column":8},"end":{"line":19,"column":34}},"13":{"start":{"line":24,"column":4},"end":{"line":30,"column":44}},"14":{"start":{"line":25,"column":8},"end":{"line":29,"column":9}},"15":{"start":{"line":26,"column":12},"end":{"line":26,"column":38}},"16":{"start":{"line":27,"column":15},"end":{"line":29,"column":9}},"17":{"start":{"line":28,"column":12},"end":{"line":28,"column":60}},"18":{"start":{"line":32,"column":4},"end":{"line":32,"column":36}},"19":{"start":{"line":35,"column":29},"end":{"line":39,"column":25}},"20":{"start":{"line":36,"column":8},"end":{"line":38,"column":10}},"21":{"start":{"line":37,"column":12},"end":{"line":37,"column":69}},"22":{"start":{"line":41,"column":4},"end":{"line":66,"column":6}},"23":{"start":{"line":48,"column":35},"end":{"line":48,"column":61}},"24":{"start":{"line":58,"column":28},"end":{"line":58,"column":50}},"25":{"start":{"line":69,"column":0},"end":{"line":69,"column":26}}},"fnMap":{"0":{"name":"(anonymous_1)","decl":{"start":{"line":8,"column":19},"end":{"line":8,"column":22}},"loc":{"start":{"line":8,"column":24},"end":{"line":67,"column":1}}},"1":{"name":"(anonymous_2)","decl":{"start":{"line":11,"column":8},"end":{"line":11,"column":9}},"loc":{"start":{"line":11,"column":30},"end":{"line":11,"column":44}}},"2":{"name":"(anonymous_3)","decl":{"start":{"line":18,"column":14},"end":{"line":18,"column":17}},"loc":{"start":{"line":18,"column":19},"end":{"line":20,"column":5}}},"3":{"name":"(anonymous_4)","decl":{"start":{"line":24,"column":14},"end":{"line":24,"column":17}},"loc":{"start":{"line":24,"column":19},"end":{"line":30,"column":5}}},"4":{"name":"(anonymous_5)","decl":{"start":{"line":32,"column":14},"end":{"line":32,"column":17}},"loc":{"start":{"line":32,"column":19},"end":{"line":32,"column":22}}},"5":{"name":"(anonymous_6)","decl":{"start":{"line":35,"column":37},"end":{"line":35,"column":40}},"loc":{"start":{"line":35,"column":42},"end":{"line":39,"column":5}}},"6":{"name":"(anonymous_7)","decl":{"start":{"line":36,"column":31},"end":{"line":36,"column":32}},"loc":{"start":{"line":37,"column":12},"end":{"line":37,"column":69}}},"7":{"name":"(anonymous_8)","decl":{"start":{"line":48,"column":26},"end":{"line":48,"column":27}},"loc":{"start":{"line":48,"column":35},"end":{"line":48,"column":61}}},"8":{"name":"(anonymous_9)","decl":{"start":{"line":57,"column":45},"end":{"line":57,"column":46}},"loc":{"start":{"line":58,"column":28},"end":{"line":58,"column":50}}}},"branchMap":{"0":{"loc":{"start":{"line":25,"column":8},"end":{"line":29,"column":9}},"type":"if","locations":[{"start":{"line":25,"column":8},"end":{"line":29,"column":9}},{"start":{"line":27,"column":15},"end":{"line":29,"column":9}}]},"1":{"loc":{"start":{"line":27,"column":15},"end":{"line":29,"column":9}},"type":"if","locations":[{"start":{"line":27,"column":15},"end":{"line":29,"column":9}}]},"2":{"loc":{"start":{"line":27,"column":19},"end":{"line":27,"column":47}},"type":"binary-expr","locations":[{"start":{"line":27,"column":19},"end":{"line":27,"column":38}},{"start":{"line":27,"column":42},"end":{"line":27,"column":47}}]},"3":{"loc":{"start":{"line":51,"column":13},"end":{"line":51,"column":48}},"type":"binary-expr","locations":[{"start":{"line":51,"column":13},"end":{"line":51,"column":33}},{"start":{"line":51,"column":37},"end":{"line":51,"column":48}}]},"4":{"loc":{"start":{"line":52,"column":13},"end":{"line":52,"column":36}},"type":"binary-expr","locations":[{"start":{"line":52,"column":13},"end":{"line":52,"column":18}},{"start":{"line":52,"column":22},"end":{"line":52,"column":36}}]},"5":{"loc":{"start":{"line":54,"column":13},"end":{"line":63,"column":null}},"type":"binary-expr","locations":[{"start":{"line":54,"column":13},"end":{"line":54,"column":18}},{"start":{"line":55,"column":16},"end":{"line":62,"column":null}}]},"6":{"loc":{"start":{"line":56,"column":21},"end":{"line":61,"column":null}},"type":"cond-expr","locations":[{"start":{"line":57,"column":24},"end":{"line":59,"column":26}},{"start":{"line":61,"column":24},"end":{"line":61,"column":50}}]}},"s":{"0":0,"1":0,"2":0,"3":0,"4":0,"5":0,"6":0,"7":0,"8":0,"9":0,"10":0,"11":0,"12":0,"13":0,"14":0,"15":0,"16":0,"17":0,"18":0,"19":0,"20":0,"21":0,"22":0,"23":0,"24":0,"25":0},"f":{"0":0,"1":0,"2":0,"3":0,"4":0,"5":0,"6":0,"7":0,"8":0},"b":{"0":[0,0],"1":[0],"2":[0,0],"3":[0,0],"4":[0,0],"5":[0,0],"6":[0,0]}}
,"/home/roszko/Projects/e-shop/src/components/ProductCard/ProductCard.tsx": {"path":"/home/roszko/Projects/e-shop/src/components/ProductCard/ProductCard.tsx","statementMap":{"0":{"start":{"line":1,"column":0},"end":{"line":1,"column":27}},"1":{"start":{"line":3,"column":0},"end":{"line":3,"column":65}},"2":{"start":{"line":4,"column":0},"end":{"line":4,"column":68}},"3":{"start":{"line":6,"column":20},"end":{"line":42,"column":1}},"4":{"start":{"line":14,"column":4},"end":{"line":41,"column":6}},"5":{"start":{"line":44,"column":0},"end":{"line":44,"column":27}}},"fnMap":{"0":{"name":"(anonymous_1)","decl":{"start":{"line":6,"column":20},"end":{"line":6,"column":21}},"loc":{"start":{"line":12,"column":23},"end":{"line":42,"column":1}}}},"branchMap":{},"s":{"0":0,"1":0,"2":0,"3":0,"4":0,"5":0},"f":{"0":0},"b":{}}
,"/home/roszko/Projects/e-shop/src/components/ProductModal/ProductModal.tsx": {"path":"/home/roszko/Projects/e-shop/src/components/ProductModal/ProductModal.tsx","statementMap":{"0":{"start":{"line":1,"column":0},"end":{"line":1,"column":28}},"1":{"start":{"line":4,"column":21},"end":{"line":28,"column":1}},"2":{"start":{"line":5,"column":4},"end":{"line":5,"column":30}},"3":{"start":{"line":5,"column":18},"end":{"line":5,"column":30}},"4":{"start":{"line":7,"column":4},"end":{"line":27,"column":6}},"5":{"start":{"line":11,"column":34},"end":{"line":11,"column":55}},"6":{"start":{"line":30,"column":0},"end":{"line":30,"column":28}}},"fnMap":{"0":{"name":"(anonymous_0)","decl":{"start":{"line":4,"column":21},"end":{"line":4,"column":22}},"loc":{"start":{"line":4,"column":65},"end":{"line":28,"column":1}}},"1":{"name":"(anonymous_1)","decl":{"start":{"line":11,"column":25},"end":{"line":11,"column":26}},"loc":{"start":{"line":11,"column":34},"end":{"line":11,"column":55}}}},"branchMap":{"0":{"loc":{"start":{"line":5,"column":4},"end":{"line":5,"column":30}},"type":"if","locations":[{"start":{"line":5,"column":4},"end":{"line":5,"column":30}}]}},"s":{"0":0,"1":0,"2":0,"3":0,"4":0,"5":0,"6":0},"f":{"0":0,"1":0},"b":{"0":[0]}}
,"/home/roszko/Projects/e-shop/src/components/ui/AddToCartButton/AddToCartButton.tsx": {"path":"/home/roszko/Projects/e-shop/src/components/ui/AddToCartButton/AddToCartButton.tsx","statementMap":{"0":{"start":{"line":1,"column":0},"end":{"line":1,"column":31}},"1":{"start":{"line":3,"column":0},"end":{"line":3,"column":55}},"2":{"start":{"line":4,"column":0},"end":{"line":4,"column":null}},"3":{"start":{"line":11,"column":24},"end":{"line":53,"column":1}},"4":{"start":{"line":16,"column":21},"end":{"line":16,"column":34}},"5":{"start":{"line":18,"column":24},"end":{"line":18,"column":75}},"6":{"start":{"line":18,"column":58},"end":{"line":18,"column":74}},"7":{"start":{"line":20,"column":17},"end":{"line":20,"column":67}},"8":{"start":{"line":20,"column":44},"end":{"line":20,"column":66}},"9":{"start":{"line":21,"column":25},"end":{"line":21,"column":49}},"10":{"start":{"line":23,"column":24},"end":{"line":26,"column":5}},"11":{"start":{"line":24,"column":8},"end":{"line":24,"column":54}},"12":{"start":{"line":25,"column":8},"end":{"line":25,"column":27}},"13":{"start":{"line":25,"column":19},"end":{"line":25,"column":27}},"14":{"start":{"line":28,"column":4},"end":{"line":52,"column":6}},"15":{"start":{"line":33,"column":35},"end":{"line":33,"column":78}},"16":{"start":{"line":46,"column":35},"end":{"line":46,"column":78}},"17":{"start":{"line":55,"column":0},"end":{"line":55,"column":31}}},"fnMap":{"0":{"name":"(anonymous_0)","decl":{"start":{"line":11,"column":24},"end":{"line":11,"column":25}},"loc":{"start":{"line":15,"column":40},"end":{"line":53,"column":1}}},"1":{"name":"(anonymous_1)","decl":{"start":{"line":18,"column":36},"end":{"line":18,"column":37}},"loc":{"start":{"line":18,"column":58},"end":{"line":18,"column":74}}},"2":{"name":"(anonymous_2)","decl":{"start":{"line":20,"column":34},"end":{"line":20,"column":35}},"loc":{"start":{"line":20,"column":44},"end":{"line":20,"column":66}}},"3":{"name":"(anonymous_3)","decl":{"start":{"line":23,"column":24},"end":{"line":23,"column":27}},"loc":{"start":{"line":23,"column":29},"end":{"line":26,"column":5}}},"4":{"name":"(anonymous_4)","decl":{"start":{"line":33,"column":29},"end":{"line":33,"column":32}},"loc":{"start":{"line":33,"column":35},"end":{"line":33,"column":78}}},"5":{"name":"(anonymous_5)","decl":{"start":{"line":46,"column":29},"end":{"line":46,"column":32}},"loc":{"start":{"line":46,"column":35},"end":{"line":46,"column":78}}}},"branchMap":{"0":{"loc":{"start":{"line":12,"column":4},"end":{"line":12,"column":16}},"type":"default-arg","locations":[{"start":{"line":12,"column":15},"end":{"line":12,"column":16}}]},"1":{"loc":{"start":{"line":21,"column":25},"end":{"line":21,"column":49}},"type":"cond-expr","locations":[{"start":{"line":21,"column":32},"end":{"line":21,"column":45}},{"start":{"line":21,"column":48},"end":{"line":21,"column":49}}]},"2":{"loc":{"start":{"line":25,"column":8},"end":{"line":25,"column":27}},"type":"if","locations":[{"start":{"line":25,"column":8},"end":{"line":25,"column":27}}]},"3":{"loc":{"start":{"line":30,"column":13},"end":{"line":36,"column":null}},"type":"binary-expr","locations":[{"start":{"line":30,"column":13},"end":{"line":30,"column":29}},{"start":{"line":31,"column":16},"end":{"line":33,"column":null}}]},"4":{"loc":{"start":{"line":33,"column":35},"end":{"line":33,"column":78}},"type":"binary-expr","locations":[{"start":{"line":33,"column":35},"end":{"line":33,"column":39}},{"start":{"line":33,"column":43},"end":{"line":33,"column":78}}]},"5":{"loc":{"start":{"line":43,"column":13},"end":{"line":49,"column":null}},"type":"binary-expr","locations":[{"start":{"line":43,"column":13},"end":{"line":43,"column":29}},{"start":{"line":44,"column":16},"end":{"line":46,"column":null}}]},"6":{"loc":{"start":{"line":46,"column":35},"end":{"line":46,"column":78}},"type":"binary-expr","locations":[{"start":{"line":46,"column":35},"end":{"line":46,"column":39}},{"start":{"line":46,"column":43},"end":{"line":46,"column":78}}]}},"s":{"0":1,"1":1,"2":1,"3":1,"4":1,"5":1,"6":1,"7":1,"8":0,"9":1,"10":1,"11":0,"12":0,"13":0,"14":1,"15":0,"16":0,"17":1},"f":{"0":1,"1":1,"2":0,"3":0,"4":0,"5":0},"b":{"0":[1],"1":[0,1],"2":[0],"3":[1,0],"4":[0,0],"5":[1,0],"6":[0,0]}}
,"/home/roszko/Projects/e-shop/src/components/ui/DarkModeToggle/DarkModeToggle.tsx": {"path":"/home/roszko/Projects/e-shop/src/components/ui/DarkModeToggle/DarkModeToggle.tsx","statementMap":{"0":{"start":{"line":1,"column":0},"end":{"line":1,"column":30}},"1":{"start":{"line":2,"column":0},"end":{"line":2,"column":55}},"2":{"start":{"line":4,"column":0},"end":{"line":4,"column":59}},"3":{"start":{"line":6,"column":23},"end":{"line":18,"column":1}},"4":{"start":{"line":7,"column":21},"end":{"line":7,"column":34}},"5":{"start":{"line":8,"column":21},"end":{"line":8,"column":76}},"6":{"start":{"line":8,"column":55},"end":{"line":8,"column":75}},"7":{"start":{"line":9,"column":23},"end":{"line":9,"column":66}},"8":{"start":{"line":11,"column":4},"end":{"line":17,"column":6}},"9":{"start":{"line":12,"column":31},"end":{"line":12,"column":57}},"10":{"start":{"line":20,"column":0},"end":{"line":20,"column":30}}},"fnMap":{"0":{"name":"(anonymous_0)","decl":{"start":{"line":6,"column":23},"end":{"line":6,"column":26}},"loc":{"start":{"line":6,"column":28},"end":{"line":18,"column":1}}},"1":{"name":"(anonymous_1)","decl":{"start":{"line":8,"column":33},"end":{"line":8,"column":34}},"loc":{"start":{"line":8,"column":55},"end":{"line":8,"column":75}}},"2":{"name":"(anonymous_2)","decl":{"start":{"line":12,"column":25},"end":{"line":12,"column":28}},"loc":{"start":{"line":12,"column":31},"end":{"line":12,"column":57}}}},"branchMap":{"0":{"loc":{"start":{"line":9,"column":23},"end":{"line":9,"column":66}},"type":"cond-expr","locations":[{"start":{"line":9,"column":34},"end":{"line":9,"column":49}},{"start":{"line":9,"column":52},"end":{"line":9,"column":66}}]}},"s":{"0":0,"1":0,"2":0,"3":0,"4":0,"5":0,"6":0,"7":0,"8":0,"9":0,"10":0},"f":{"0":0,"1":0,"2":0},"b":{"0":[0,0]}}
,"/home/roszko/Projects/e-shop/src/components/ui/FavoriteButton/FavoriteButton.tsx": {"path":"/home/roszko/Projects/e-shop/src/components/ui/FavoriteButton/FavoriteButton.tsx","statementMap":{"0":{"start":{"line":1,"column":0},"end":{"line":1,"column":30}},"1":{"start":{"line":2,"column":0},"end":{"line":2,"column":44}},"2":{"start":{"line":3,"column":0},"end":{"line":3,"column":58}},"3":{"start":{"line":6,"column":23},"end":{"line":34,"column":1}},"4":{"start":{"line":13,"column":30},"end":{"line":13,"column":52}},"5":{"start":{"line":15,"column":4},"end":{"line":17,"column":23}},"6":{"start":{"line":16,"column":8},"end":{"line":16,"column":31}},"7":{"start":{"line":19,"column":24},"end":{"line":23,"column":5}},"8":{"start":{"line":20,"column":30},"end":{"line":20,"column":36}},"9":{"start":{"line":21,"column":8},"end":{"line":21,"column":32}},"10":{"start":{"line":22,"column":8},"end":{"line":22,"column":46}},"11":{"start":{"line":22,"column":22},"end":{"line":22,"column":46}},"12":{"start":{"line":25,"column":4},"end":{"line":33,"column":6}},"13":{"start":{"line":36,"column":0},"end":{"line":36,"column":30}}},"fnMap":{"0":{"name":"(anonymous_0)","decl":{"start":{"line":6,"column":23},"end":{"line":6,"column":24}},"loc":{"start":{"line":12,"column":26},"end":{"line":34,"column":1}}},"1":{"name":"(anonymous_1)","decl":{"start":{"line":15,"column":14},"end":{"line":15,"column":17}},"loc":{"start":{"line":15,"column":19},"end":{"line":17,"column":5}}},"2":{"name":"(anonymous_2)","decl":{"start":{"line":19,"column":24},"end":{"line":19,"column":27}},"loc":{"start":{"line":19,"column":29},"end":{"line":23,"column":5}}}},"branchMap":{"0":{"loc":{"start":{"line":7,"column":4},"end":{"line":7,"column":24}},"type":"default-arg","locations":[{"start":{"line":7,"column":19},"end":{"line":7,"column":24}}]},"1":{"loc":{"start":{"line":9,"column":4},"end":{"line":9,"column":13}},"type":"default-arg","locations":[{"start":{"line":9,"column":11},"end":{"line":9,"column":13}}]},"2":{"loc":{"start":{"line":10,"column":4},"end":{"line":10,"column":19}},"type":"default-arg","locations":[{"start":{"line":10,"column":12},"end":{"line":10,"column":19}}]},"3":{"loc":{"start":{"line":11,"column":4},"end":{"line":11,"column":22}},"type":"default-arg","locations":[{"start":{"line":11,"column":17},"end":{"line":11,"column":22}}]},"4":{"loc":{"start":{"line":22,"column":8},"end":{"line":22,"column":46}},"type":"if","locations":[{"start":{"line":22,"column":8},"end":{"line":22,"column":46}}]},"5":{"loc":{"start":{"line":27,"column":13},"end":{"line":30,"column":null}},"type":"cond-expr","locations":[{"start":{"line":28,"column":16},"end":{"line":28,"column":58}},{"start":{"line":30,"column":16},"end":{"line":30,"column":60}}]}},"s":{"0":0,"1":0,"2":0,"3":0,"4":0,"5":0,"6":0,"7":0,"8":0,"9":0,"10":0,"11":0,"12":0,"13":0},"f":{"0":0,"1":0,"2":0},"b":{"0":[0],"1":[0],"2":[0],"3":[0],"4":[0],"5":[0,0]}}
,"/home/roszko/Projects/e-shop/src/components/ui/Spinner/Spinner.tsx": {"path":"/home/roszko/Projects/e-shop/src/components/ui/Spinner/Spinner.tsx","statementMap":{"0":{"start":{"line":1,"column":0},"end":{"line":1,"column":23}},"1":{"start":{"line":3,"column":16},"end":{"line":5,"column":1}},"2":{"start":{"line":4,"column":4},"end":{"line":4,"column":43}},"3":{"start":{"line":7,"column":0},"end":{"line":7,"column":23}}},"fnMap":{"0":{"name":"(anonymous_0)","decl":{"start":{"line":3,"column":16},"end":{"line":3,"column":19}},"loc":{"start":{"line":3,"column":21},"end":{"line":5,"column":1}}}},"branchMap":{},"s":{"0":0,"1":0,"2":0,"3":0},"f":{"0":0},"b":{}}
,"/home/roszko/Projects/e-shop/src/pages/Gallery/Gallery.tsx": {"path":"/home/roszko/Projects/e-shop/src/pages/Gallery/Gallery.tsx","statementMap":{"0":{"start":{"line":1,"column":0},"end":{"line":1,"column":23}},"1":{"start":{"line":2,"column":0},"end":{"line":2,"column":65}},"2":{"start":{"line":3,"column":0},"end":{"line":3,"column":61}},"3":{"start":{"line":4,"column":0},"end":{"line":4,"column":58}},"4":{"start":{"line":6,"column":21},"end":{"line":7,"column":53}},"5":{"start":{"line":7,"column":4},"end":{"line":7,"column":53}},"6":{"start":{"line":9,"column":23},"end":{"line":16,"column":null}},"7":{"start":{"line":10,"column":4},"end":{"line":16,"column":null}},"8":{"start":{"line":13,"column":12},"end":{"line":16,"column":15}},"9":{"start":{"line":19,"column":16},"end":{"line":71,"column":1}},"10":{"start":{"line":20,"column":32},"end":{"line":20,"column":70}},"11":{"start":{"line":21,"column":38},"end":{"line":21,"column":53}},"12":{"start":{"line":22,"column":24},"end":{"line":22,"column":59}},"13":{"start":{"line":24,"column":27},"end":{"line":32,"column":19}},"14":{"start":{"line":25,"column":8},"end":{"line":25,"column":30}},"15":{"start":{"line":25,"column":23},"end":{"line":25,"column":30}},"16":{"start":{"line":26,"column":8},"end":{"line":26,"column":27}},"17":{"start":{"line":28,"column":8},"end":{"line":31,"column":17}},"18":{"start":{"line":29,"column":12},"end":{"line":29,"column":78}},"19":{"start":{"line":29,"column":38},"end":{"line":29,"column":76}},"20":{"start":{"line":30,"column":12},"end":{"line":30,"column":32}},"21":{"start":{"line":34,"column":4},"end":{"line":50,"column":36}},"22":{"start":{"line":35,"column":32},"end":{"line":39,"column":10}},"23":{"start":{"line":40,"column":25},"end":{"line":45,"column":27}},"24":{"start":{"line":41,"column":12},"end":{"line":44,"column":13}},"25":{"start":{"line":42,"column":16},"end":{"line":42,"column":33}},"26":{"start":{"line":43,"column":16},"end":{"line":43,"column":54}},"27":{"start":{"line":47,"column":8},"end":{"line":47,"column":71}},"28":{"start":{"line":47,"column":33},"end":{"line":47,"column":71}},"29":{"start":{"line":49,"column":8},"end":{"line":49,"column":43}},"30":{"start":{"line":49,"column":21},"end":{"line":49,"column":42}},"31":{"start":{"line":52,"column":4},"end":{"line":70,"column":6}},"32":{"start":{"line":57,"column":20},"end":{"line":58,"column":null}},"33":{"start":{"line":73,"column":0},"end":{"line":73,"column":23}}},"fnMap":{"0":{"name":"(anonymous_1)","decl":{"start":{"line":6,"column":21},"end":{"line":6,"column":22}},"loc":{"start":{"line":7,"column":4},"end":{"line":7,"column":53}}},"1":{"name":"(anonymous_2)","decl":{"start":{"line":9,"column":23},"end":{"line":9,"column":24}},"loc":{"start":{"line":10,"column":4},"end":{"line":16,"column":null}}},"2":{"name":"(anonymous_3)","decl":{"start":{"line":12,"column":8},"end":{"line":12,"column":11}},"loc":{"start":{"line":13,"column":12},"end":{"line":16,"column":15}}},"3":{"name":"(anonymous_4)","decl":{"start":{"line":19,"column":16},"end":{"line":19,"column":19}},"loc":{"start":{"line":19,"column":21},"end":{"line":71,"column":1}}},"4":{"name":"(anonymous_5)","decl":{"start":{"line":24,"column":39},"end":{"line":24,"column":42}},"loc":{"start":{"line":24,"column":44},"end":{"line":32,"column":5}}},"5":{"name":"(anonymous_6)","decl":{"start":{"line":28,"column":19},"end":{"line":28,"column":22}},"loc":{"start":{"line":28,"column":24},"end":{"line":31,"column":9}}},"6":{"name":"(anonymous_7)","decl":{"start":{"line":29,"column":22},"end":{"line":29,"column":23}},"loc":{"start":{"line":29,"column":38},"end":{"line":29,"column":76}}},"7":{"name":"(anonymous_8)","decl":{"start":{"line":34,"column":14},"end":{"line":34,"column":17}},"loc":{"start":{"line":34,"column":19},"end":{"line":50,"column":5}}},"8":{"name":"(anonymous_9)","decl":{"start":{"line":40,"column":50},"end":{"line":40,"column":51}},"loc":{"start":{"line":40,"column":62},"end":{"line":45,"column":9}}},"9":{"name":"(anonymous_10)","decl":{"start":{"line":49,"column":15},"end":{"line":49,"column":18}},"loc":{"start":{"line":49,"column":21},"end":{"line":49,"column":42}}},"10":{"name":"(anonymous_11)","decl":{"start":{"line":56,"column":28},"end":{"line":56,"column":29}},"loc":{"start":{"line":57,"column":20},"end":{"line":58,"column":null}}}},"branchMap":{"0":{"loc":{"start":{"line":25,"column":8},"end":{"line":25,"column":30}},"type":"if","locations":[{"start":{"line":25,"column":8},"end":{"line":25,"column":30}}]},"1":{"loc":{"start":{"line":41,"column":12},"end":{"line":44,"column":13}},"type":"if","locations":[{"start":{"line":41,"column":12},"end":{"line":44,"column":13}}]},"2":{"loc":{"start":{"line":41,"column":16},"end":{"line":41,"column":50}},"type":"binary-expr","locations":[{"start":{"line":41,"column":16},"end":{"line":41,"column":36}},{"start":{"line":41,"column":40},"end":{"line":41,"column":50}}]},"3":{"loc":{"start":{"line":47,"column":8},"end":{"line":47,"column":71}},"type":"if","locations":[{"start":{"line":47,"column":8},"end":{"line":47,"column":71}}]},"4":{"loc":{"start":{"line":67,"column":17},"end":{"line":67,"column":47}},"type":"cond-expr","locations":[{"start":{"line":67,"column":29},"end":{"line":67,"column":40}},{"start":{"line":67,"column":43},"end":{"line":67,"column":47}}]}},"s":{"0":0,"1":0,"2":0,"3":0,"4":0,"5":0,"6":0,"7":0,"8":0,"9":0,"10":0,"11":0,"12":0,"13":0,"14":0,"15":0,"16":0,"17":0,"18":0,"19":0,"20":0,"21":0,"22":0,"23":0,"24":0,"25":0,"26":0,"27":0,"28":0,"29":0,"30":0,"31":0,"32":0,"33":0},"f":{"0":0,"1":0,"2":0,"3":0,"4":0,"5":0,"6":0,"7":0,"8":0,"9":0,"10":0},"b":{"0":[0],"1":[0],"2":[0,0],"3":[0],"4":[0,0]}}
,"/home/roszko/Projects/e-shop/src/pages/Main/Main.tsx": {"path":"/home/roszko/Projects/e-shop/src/pages/Main/Main.tsx","statementMap":{"0":{"start":{"line":1,"column":0},"end":{"line":1,"column":20}},"1":{"start":{"line":2,"column":0},"end":{"line":2,"column":67}},"2":{"start":{"line":3,"column":0},"end":{"line":3,"column":70}},"3":{"start":{"line":4,"column":0},"end":{"line":4,"column":64}},"4":{"start":{"line":5,"column":0},"end":{"line":5,"column":44}},"5":{"start":{"line":6,"column":0},"end":{"line":6,"column":55}},"6":{"start":{"line":8,"column":0},"end":{"line":8,"column":58}},"7":{"start":{"line":10,"column":17},"end":{"line":55,"column":1}},"8":{"start":{"line":11,"column":21},"end":{"line":11,"column":47}},"9":{"start":{"line":12,"column":40},"end":{"line":13,"column":null}},"10":{"start":{"line":13,"column":30},"end":{"line":13,"column":44}},"11":{"start":{"line":16,"column":4},"end":{"line":22,"column":44}},"12":{"start":{"line":17,"column":8},"end":{"line":21,"column":9}},"13":{"start":{"line":18,"column":12},"end":{"line":18,"column":38}},"14":{"start":{"line":19,"column":15},"end":{"line":21,"column":9}},"15":{"start":{"line":20,"column":12},"end":{"line":20,"column":60}},"16":{"start":{"line":24,"column":50},"end":{"line":26,"column":11}},"17":{"start":{"line":28,"column":4},"end":{"line":54,"column":6}},"18":{"start":{"line":34,"column":20},"end":{"line":36,"column":null}},"19":{"start":{"line":41,"column":39},"end":{"line":41,"column":66}},"20":{"start":{"line":50,"column":35},"end":{"line":50,"column":59}},"21":{"start":{"line":57,"column":0},"end":{"line":57,"column":24}}},"fnMap":{"0":{"name":"(anonymous_1)","decl":{"start":{"line":10,"column":17},"end":{"line":10,"column":20}},"loc":{"start":{"line":10,"column":22},"end":{"line":55,"column":1}}},"1":{"name":"(anonymous_2)","decl":{"start":{"line":13,"column":8},"end":{"line":13,"column":9}},"loc":{"start":{"line":13,"column":30},"end":{"line":13,"column":44}}},"2":{"name":"(anonymous_3)","decl":{"start":{"line":16,"column":14},"end":{"line":16,"column":17}},"loc":{"start":{"line":16,"column":19},"end":{"line":22,"column":5}}},"3":{"name":"(anonymous_4)","decl":{"start":{"line":33,"column":30},"end":{"line":33,"column":31}},"loc":{"start":{"line":34,"column":20},"end":{"line":36,"column":null}}},"4":{"name":"(anonymous_5)","decl":{"start":{"line":41,"column":33},"end":{"line":41,"column":36}},"loc":{"start":{"line":41,"column":39},"end":{"line":41,"column":66}}},"5":{"name":"(anonymous_6)","decl":{"start":{"line":50,"column":29},"end":{"line":50,"column":32}},"loc":{"start":{"line":50,"column":35},"end":{"line":50,"column":59}}}},"branchMap":{"0":{"loc":{"start":{"line":17,"column":8},"end":{"line":21,"column":9}},"type":"if","locations":[{"start":{"line":17,"column":8},"end":{"line":21,"column":9}},{"start":{"line":19,"column":15},"end":{"line":21,"column":9}}]},"1":{"loc":{"start":{"line":19,"column":15},"end":{"line":21,"column":9}},"type":"if","locations":[{"start":{"line":19,"column":15},"end":{"line":21,"column":9}}]},"2":{"loc":{"start":{"line":19,"column":19},"end":{"line":19,"column":47}},"type":"binary-expr","locations":[{"start":{"line":19,"column":19},"end":{"line":19,"column":38}},{"start":{"line":19,"column":42},"end":{"line":19,"column":47}}]},"3":{"loc":{"start":{"line":47,"column":13},"end":{"line":51,"column":null}},"type":"binary-expr","locations":[{"start":{"line":47,"column":13},"end":{"line":47,"column":28}},{"start":{"line":48,"column":16},"end":{"line":50,"column":null}}]}},"s":{"0":0,"1":0,"2":0,"3":0,"4":0,"5":0,"6":0,"7":0,"8":0,"9":0,"10":0,"11":0,"12":0,"13":0,"14":0,"15":0,"16":0,"17":0,"18":0,"19":0,"20":0,"21":0},"f":{"0":0,"1":0,"2":0,"3":0,"4":0,"5":0},"b":{"0":[0,0],"1":[0],"2":[0,0],"3":[0,0]}}
,"/home/roszko/Projects/e-shop/src/store/cartSlice.ts": {"path":"/home/roszko/Projects/e-shop/src/store/cartSlice.ts","statementMap":{"0":{"start":{"line":1,"column":0},"end":{"line":1,"column":62}},"1":{"start":{"line":4,"column":32},"end":{"line":6,"column":2}},"2":{"start":{"line":8,"column":26},"end":{"line":10,"column":1}},"3":{"start":{"line":9,"column":4},"end":{"line":9,"column":62}},"4":{"start":{"line":12,"column":18},"end":{"line":66,"column":2}},"5":{"start":{"line":17,"column":33},"end":{"line":18,"column":null}},"6":{"start":{"line":18,"column":26},"end":{"line":18,"column":55}},"7":{"start":{"line":20,"column":12},"end":{"line":27,"column":13}},"8":{"start":{"line":21,"column":16},"end":{"line":21,"column":70}},"9":{"start":{"line":23,"column":16},"end":{"line":26,"column":19}},"10":{"start":{"line":28,"column":12},"end":{"line":28,"column":37}},"11":{"start":{"line":32,"column":25},"end":{"line":32,"column":79}},"12":{"start":{"line":32,"column":52},"end":{"line":32,"column":78}},"13":{"start":{"line":33,"column":12},"end":{"line":36,"column":13}},"14":{"start":{"line":34,"column":16},"end":{"line":34,"column":35}},"15":{"start":{"line":35,"column":16},"end":{"line":35,"column":41}},"16":{"start":{"line":40,"column":25},"end":{"line":40,"column":79}},"17":{"start":{"line":40,"column":52},"end":{"line":40,"column":78}},"18":{"start":{"line":41,"column":12},"end":{"line":44,"column":13}},"19":{"start":{"line":42,"column":16},"end":{"line":42,"column":35}},"20":{"start":{"line":43,"column":16},"end":{"line":43,"column":41}},"21":{"start":{"line":48,"column":33},"end":{"line":49,"column":null}},"22":{"start":{"line":49,"column":26},"end":{"line":49,"column":52}},"23":{"start":{"line":51,"column":12},"end":{"line":59,"column":13}},"24":{"start":{"line":52,"column":16},"end":{"line":58,"column":17}},"25":{"start":{"line":53,"column":20},"end":{"line":53,"column":47}},"26":{"start":{"line":55,"column":20},"end":{"line":57,"column":22}},"27":{"start":{"line":56,"column":34},"end":{"line":56,"column":60}},"28":{"start":{"line":63,"column":12},"end":{"line":63,"column":29}},"29":{"start":{"line":68,"column":13},"end":{"line":73,"column":null}},"30":{"start":{"line":75,"column":0},"end":{"line":75,"column":33}}},"fnMap":{"0":{"name":"(anonymous_0)","decl":{"start":{"line":8,"column":26},"end":{"line":8,"column":27}},"loc":{"start":{"line":8,"column":47},"end":{"line":10,"column":1}}},"1":{"name":"(anonymous_1)","decl":{"start":{"line":16,"column":19},"end":{"line":16,"column":20}},"loc":{"start":{"line":16,"column":62},"end":{"line":29,"column":9}}},"2":{"name":"(anonymous_2)","decl":{"start":{"line":18,"column":16},"end":{"line":18,"column":17}},"loc":{"start":{"line":18,"column":26},"end":{"line":18,"column":55}}},"3":{"name":"(anonymous_3)","decl":{"start":{"line":31,"column":26},"end":{"line":31,"column":27}},"loc":{"start":{"line":31,"column":67},"end":{"line":37,"column":9}}},"4":{"name":"(anonymous_4)","decl":{"start":{"line":32,"column":42},"end":{"line":32,"column":43}},"loc":{"start":{"line":32,"column":52},"end":{"line":32,"column":78}}},"5":{"name":"(anonymous_5)","decl":{"start":{"line":39,"column":26},"end":{"line":39,"column":27}},"loc":{"start":{"line":39,"column":67},"end":{"line":45,"column":9}}},"6":{"name":"(anonymous_6)","decl":{"start":{"line":40,"column":42},"end":{"line":40,"column":43}},"loc":{"start":{"line":40,"column":52},"end":{"line":40,"column":78}}},"7":{"name":"(anonymous_7)","decl":{"start":{"line":47,"column":24},"end":{"line":47,"column":25}},"loc":{"start":{"line":47,"column":65},"end":{"line":60,"column":9}}},"8":{"name":"(anonymous_8)","decl":{"start":{"line":49,"column":16},"end":{"line":49,"column":17}},"loc":{"start":{"line":49,"column":26},"end":{"line":49,"column":52}}},"9":{"name":"(anonymous_9)","decl":{"start":{"line":56,"column":24},"end":{"line":56,"column":25}},"loc":{"start":{"line":56,"column":34},"end":{"line":56,"column":60}}},"10":{"name":"(anonymous_10)","decl":{"start":{"line":62,"column":19},"end":{"line":62,"column":20}},"loc":{"start":{"line":62,"column":29},"end":{"line":64,"column":9}}}},"branchMap":{"0":{"loc":{"start":{"line":5,"column":22},"end":{"line":5,"column":58}},"type":"binary-expr","locations":[{"start":{"line":5,"column":22},"end":{"line":5,"column":50}},{"start":{"line":5,"column":54},"end":{"line":5,"column":58}}]},"1":{"loc":{"start":{"line":20,"column":12},"end":{"line":27,"column":13}},"type":"if","locations":[{"start":{"line":20,"column":12},"end":{"line":27,"column":13}},{"start":{"line":22,"column":19},"end":{"line":27,"column":13}}]},"2":{"loc":{"start":{"line":21,"column":41},"end":{"line":21,"column":69}},"type":"binary-expr","locations":[{"start":{"line":21,"column":41},"end":{"line":21,"column":64}},{"start":{"line":21,"column":68},"end":{"line":21,"column":69}}]},"3":{"loc":{"start":{"line":25,"column":30},"end":{"line":25,"column":58}},"type":"binary-expr","locations":[{"start":{"line":25,"column":30},"end":{"line":25,"column":53}},{"start":{"line":25,"column":57},"end":{"line":25,"column":58}}]},"4":{"loc":{"start":{"line":33,"column":12},"end":{"line":36,"column":13}},"type":"if","locations":[{"start":{"line":33,"column":12},"end":{"line":36,"column":13}}]},"5":{"loc":{"start":{"line":41,"column":12},"end":{"line":44,"column":13}},"type":"if","locations":[{"start":{"line":41,"column":12},"end":{"line":44,"column":13}}]},"6":{"loc":{"start":{"line":41,"column":16},"end":{"line":41,"column":41}},"type":"binary-expr","locations":[{"start":{"line":41,"column":16},"end":{"line":41,"column":20}},{"start":{"line":41,"column":24},"end":{"line":41,"column":41}}]},"7":{"loc":{"start":{"line":51,"column":12},"end":{"line":59,"column":13}},"type":"if","locations":[{"start":{"line":51,"column":12},"end":{"line":59,"column":13}}]},"8":{"loc":{"start":{"line":52,"column":16},"end":{"line":58,"column":17}},"type":"if","locations":[{"start":{"line":52,"column":16},"end":{"line":58,"column":17}},{"start":{"line":54,"column":23},"end":{"line":58,"column":17}}]}},"s":{"0":1,"1":1,"2":1,"3":0,"4":1,"5":0,"6":0,"7":0,"8":0,"9":0,"10":0,"11":0,"12":0,"13":0,"14":0,"15":0,"16":0,"17":0,"18":0,"19":0,"20":0,"21":0,"22":0,"23":0,"24":0,"25":0,"26":0,"27":0,"28":0,"29":1,"30":1},"f":{"0":0,"1":0,"2":0,"3":0,"4":0,"5":0,"6":0,"7":0,"8":0,"9":0,"10":0},"b":{"0":[1,0],"1":[0,0],"2":[0,0],"3":[0,0],"4":[0],"5":[0],"6":[0,0],"7":[0],"8":[0,0]}}
,"/home/roszko/Projects/e-shop/src/store/productsSlice.ts": {"path":"/home/roszko/Projects/e-shop/src/store/productsSlice.ts","statementMap":{"0":{"start":{"line":1,"column":0},"end":{"line":1,"column":42}},"1":{"start":{"line":2,"column":0},"end":{"line":2,"column":80}},"2":{"start":{"line":7,"column":16},"end":{"line":7,"column":67}},"3":{"start":{"line":9,"column":36},"end":{"line":13,"column":2}},"4":{"start":{"line":15,"column":13},"end":{"line":28,"column":3}},"5":{"start":{"line":20,"column":4},"end":{"line":27,"column":5}},"6":{"start":{"line":21,"column":25},"end":{"line":21,"column":69}},"7":{"start":{"line":23,"column":8},"end":{"line":23,"column":29}},"8":{"start":{"line":25,"column":20},"end":{"line":25,"column":47}},"9":{"start":{"line":26,"column":8},"end":{"line":26,"column":77}},"10":{"start":{"line":30,"column":22},"end":{"line":54,"column":2}},"11":{"start":{"line":35,"column":8},"end":{"line":52,"column":14}},"12":{"start":{"line":37,"column":16},"end":{"line":37,"column":41}},"13":{"start":{"line":42,"column":20},"end":{"line":42,"column":47}},"14":{"start":{"line":43,"column":20},"end":{"line":43,"column":52}},"15":{"start":{"line":49,"column":20},"end":{"line":49,"column":44}},"16":{"start":{"line":50,"column":20},"end":{"line":50,"column":49}},"17":{"start":{"line":56,"column":0},"end":{"line":56,"column":37}}},"fnMap":{"0":{"name":"(anonymous_1)","decl":{"start":{"line":19,"column":28},"end":{"line":19,"column":33}},"loc":{"start":{"line":19,"column":61},"end":{"line":28,"column":1}}},"1":{"name":"(anonymous_2)","decl":{"start":{"line":34,"column":19},"end":{"line":34,"column":20}},"loc":{"start":{"line":34,"column":31},"end":{"line":53,"column":5}}},"2":{"name":"(anonymous_3)","decl":{"start":{"line":36,"column":44},"end":{"line":36,"column":45}},"loc":{"start":{"line":36,"column":54},"end":{"line":38,"column":13}}},"3":{"name":"(anonymous_4)","decl":{"start":{"line":41,"column":16},"end":{"line":41,"column":17}},"loc":{"start":{"line":41,"column":69},"end":{"line":44,"column":17}}},"4":{"name":"(anonymous_5)","decl":{"start":{"line":48,"column":16},"end":{"line":48,"column":17}},"loc":{"start":{"line":48,"column":69},"end":{"line":51,"column":17}}}},"branchMap":{"0":{"loc":{"start":{"line":7,"column":16},"end":{"line":7,"column":67}},"type":"binary-expr","locations":[{"start":{"line":7,"column":16},"end":{"line":7,"column":40}},{"start":{"line":7,"column":44},"end":{"line":7,"column":67}}]},"1":{"loc":{"start":{"line":26,"column":31},"end":{"line":26,"column":75}},"type":"binary-expr","locations":[{"start":{"line":26,"column":31},"end":{"line":26,"column":49}},{"start":{"line":26,"column":53},"end":{"line":26,"column":75}}]}},"s":{"0":0,"1":0,"2":0,"3":0,"4":0,"5":0,"6":0,"7":0,"8":0,"9":0,"10":0,"11":0,"12":0,"13":0,"14":0,"15":0,"16":0,"17":0},"f":{"0":0,"1":0,"2":0,"3":0,"4":0},"b":{"0":[0,0],"1":[0,0]}}
,"/home/roszko/Projects/e-shop/src/store/store.ts": {"path":"/home/roszko/Projects/e-shop/src/store/store.ts","statementMap":{"0":{"start":{"line":1,"column":0},"end":{"line":1,"column":50}},"1":{"start":{"line":2,"column":0},"end":{"line":2,"column":40}},"2":{"start":{"line":3,"column":0},"end":{"line":3,"column":46}},"3":{"start":{"line":4,"column":0},"end":{"line":4,"column":38}},"4":{"start":{"line":6,"column":13},"end":{"line":12,"column":3}}},"fnMap":{},"branchMap":{},"s":{"0":0,"1":0,"2":0,"3":0,"4":0},"f":{},"b":{}}
,"/home/roszko/Projects/e-shop/src/store/themeSlice.ts": {"path":"/home/roszko/Projects/e-shop/src/store/themeSlice.ts","statementMap":{"0":{"start":{"line":2,"column":0},"end":{"line":2,"column":47}},"1":{"start":{"line":4,"column":33},"end":{"line":6,"column":2}},"2":{"start":{"line":8,"column":19},"end":{"line":17,"column":2}},"3":{"start":{"line":13,"column":12},"end":{"line":13,"column":45}},"4":{"start":{"line":14,"column":12},"end":{"line":14,"column":73}},"5":{"start":{"line":19,"column":15},"end":{"line":19,"column":53}},"6":{"start":{"line":20,"column":0},"end":{"line":20,"column":34}}},"fnMap":{"0":{"name":"(anonymous_0)","decl":{"start":{"line":12,"column":24},"end":{"line":12,"column":25}},"loc":{"start":{"line":12,"column":34},"end":{"line":15,"column":9}}}},"branchMap":{},"s":{"0":0,"1":0,"2":0,"3":0,"4":0,"5":0,"6":0},"f":{"0":0},"b":{}}
}
